<?xml version="1.0" encoding="UTF-8"?>
<!-- Generated by org.testng.reporters.JUnitReportReporter -->
<testsuite hostname="LAPTOP-1ATVOVSF" failures="0" tests="1" name="test_cases.Create_Account_Test" time="12.367" errors="0" timestamp="2021-07-22T15:08:38 IST" skipped="0">
  <testcase classname="test_cases.Create_Account_Test" name="create_Account_Test" time="12.367"/>
  <system-out/>
</testsuite> <!-- test_cases.Create_Account_Test -->
