<?xml version="1.0" encoding="UTF-8"?>
<!-- Generated by org.testng.reporters.JUnitReportReporter -->
<testsuite hostname="LAPTOP-1ATVOVSF" failures="0" tests="1" name="test_cases.Site_Visit_Test" time="3.899" errors="0" timestamp="2021-07-22T17:58:48 IST" skipped="0">
  <testcase classname="test_cases.Site_Visit_Test" name="site_Visit_Test" time="3.899"/>
  <system-out/>
</testsuite> <!-- test_cases.Site_Visit_Test -->
